<?xml version="1.0" encoding="UTF-8"?>
<!-- Generated by org.testng.reporters.JUnitXMLReporter -->
<testsuite hostname="LTIN203213" ignored="0" name="JustDialTestScenario" tests="12" failures="0" timestamp="24 Jul 2023 07:49:49 GMT" time="75.706" errors="0">
  <testcase name="OpenJustdialHomePage" time="4.909" classname="com.hackathon.tests.OpenJustDialHomePage"/>
  <testcase name="CloseLoginPopup" time="3.7" classname="com.hackathon.tests.OpenJustDialHomePage"/>
  <testcase name="SelectLocation" time="3.64" classname="com.hackathon.tests.IdentifyCarWashServices"/>
  <testcase name="SearchForCarWashServices" time="2.477" classname="com.hackathon.tests.IdentifyCarWashServices"/>
  <testcase name="SortSearchResultByRating" time="0.238" classname="com.hackathon.tests.IdentifyCarWashServices"/>
  <testcase name="IdentifyTopFiveCarWashingService" time="6.628" classname="com.hackathon.tests.IdentifyCarWashServices"/>
  <testcase name="NavigateBackToHomePage" time="5.462" classname="com.hackathon.tests.IdentifyCarWashServices"/>
  <testcase name="OpenGymSection" time="16.286" classname="com.hackathon.tests.ExploreGymSection"/>
  <testcase name="ListAndStoreAllSubmenuItems" time="2.457" classname="com.hackathon.tests.ExploreGymSection"/>
  <testcase name="NavigateBackToHomePage" time="13.252" classname="com.hackathon.tests.ExploreGymSection"/>
  <testcase name="OpenFreeListingPage" time="9.726" classname="com.hackathon.tests.FreeListingPageTest"/>
  <testcase name="SubmitFreeListingWithInvalidMobileNumber" time="2.085" classname="com.hackathon.tests.FreeListingPageTest"/>
</testsuite> <!-- JustDialTestScenario -->
